{"contracts/CR7.sol":{"l":{"13":1},"path":"/Users/pablogianferro/Downloads/WEB FULL STACK/Codo a Codo/01_Curso Solidity/MODULO 4/simple-swap-frontend/simpleswap-dapp/contracts/CR7.sol","s":{"1":1},"b":{},"f":{"1":1},"fnMap":{"1":{"name":"constructor","line":12,"loc":{"start":{"line":12,"column":4},"end":{"line":14,"column":4}}}},"statementMap":{"1":{"start":{"line":13,"column":8},"end":{"line":13,"column":41}}},"branchMap":{}},"contracts/M10.sol":{"l":{"13":4},"path":"/Users/pablogianferro/Downloads/WEB FULL STACK/Codo a Codo/01_Curso Solidity/MODULO 4/simple-swap-frontend/simpleswap-dapp/contracts/M10.sol","s":{"1":4},"b":{},"f":{"1":4},"fnMap":{"1":{"name":"constructor","line":12,"loc":{"start":{"line":12,"column":4},"end":{"line":14,"column":4}}}},"statementMap":{"1":{"start":{"line":13,"column":8},"end":{"line":13,"column":41}}},"branchMap":{}},"contracts/SimpleSwap.sol":{"l":{"48":1,"49":1,"50":1,"51":1,"52":1,"53":1,"115":1,"120":1,"125":1,"157":11,"159":11,"160":10,"165":8,"166":8,"167":8,"169":8,"171":7,"172":7,"174":1,"176":1,"179":1,"180":1,"181":0,"182":0,"184":0,"185":0,"187":0,"188":0,"189":0,"190":0,"196":7,"197":7,"199":7,"200":7,"202":0,"208":7,"210":7,"211":7,"212":7,"213":7,"215":7,"216":7,"238":5,"240":4,"241":4,"242":4,"243":4,"245":4,"246":4,"252":2,"253":2,"255":2,"256":2,"257":2,"258":1,"261":1,"262":1,"266":1,"267":1,"270":1,"271":1,"273":1,"275":1,"292":0,"293":0,"294":0,"296":0,"297":0,"298":0,"300":0,"306":0,"308":0,"309":0,"314":0,"315":0,"316":0,"318":0,"319":0,"321":0,"326":0,"327":0,"328":0,"330":0,"331":0,"334":0,"335":0,"336":0,"338":0,"340":0,"352":3,"353":3,"360":2,"361":2,"363":2,"366":1,"368":1,"380":5,"381":4,"383":1,"385":1},"path":"/Users/pablogianferro/Downloads/WEB FULL STACK/Codo a Codo/01_Curso Solidity/MODULO 4/simple-swap-frontend/simpleswap-dapp/contracts/SimpleSwap.sol","s":{"1":1,"2":1,"3":1,"4":11,"5":11,"6":10,"7":8,"8":8,"9":8,"10":8,"11":1,"12":1,"13":1,"14":0,"15":0,"16":0,"17":7,"18":7,"19":7,"20":7,"21":7,"22":7,"23":5,"24":4,"25":4,"26":4,"27":4,"28":4,"29":4,"30":2,"31":2,"32":2,"33":1,"34":1,"35":1,"36":1,"37":1,"38":0,"39":0,"40":0,"41":0,"42":0,"43":0,"44":0,"45":0,"46":0,"47":0,"48":0,"49":0,"50":0,"51":0,"52":0,"53":0,"54":0,"55":3,"56":3,"57":2,"58":2,"59":2,"60":1,"61":5,"62":4,"63":1},"b":{"1":[10,1],"2":[8,2],"3":[7,1],"4":[1,0],"5":[0,1],"6":[0,0],"7":[0,0],"8":[7,0],"9":[7,0],"10":[4,1],"11":[2,2],"12":[2,0],"13":[2,0],"14":[1,1],"15":[1,0],"16":[0,0],"17":[0,0],"18":[0,0],"19":[0,0],"20":[0,0],"21":[0,0],"22":[0,0],"23":[0,0],"24":[2,1],"25":[1,1],"26":[1,1],"27":[4,1],"28":[1,3]},"f":{"1":1,"2":1,"3":1,"4":1,"5":11,"6":5,"7":0,"8":3,"9":5},"fnMap":{"1":{"name":"constructor","line":47,"loc":{"start":{"line":47,"column":4},"end":{"line":54,"column":4}}},"2":{"name":"name","line":114,"loc":{"start":{"line":114,"column":4},"end":{"line":116,"column":4}}},"3":{"name":"symbol","line":119,"loc":{"start":{"line":119,"column":4},"end":{"line":121,"column":4}}},"4":{"name":"decimals","line":124,"loc":{"start":{"line":124,"column":4},"end":{"line":126,"column":4}}},"5":{"name":"addLiquidity","line":140,"loc":{"start":{"line":140,"column":4},"end":{"line":217,"column":4}}},"6":{"name":"removeLiquidity","line":229,"loc":{"start":{"line":229,"column":4},"end":{"line":276,"column":4}}},"7":{"name":"swapExactTokensForTokens","line":285,"loc":{"start":{"line":285,"column":4},"end":{"line":341,"column":4}}},"8":{"name":"getPrice","line":347,"loc":{"start":{"line":347,"column":4},"end":{"line":369,"column":4}}},"9":{"name":"getAmountOut","line":375,"loc":{"start":{"line":375,"column":4},"end":{"line":386,"column":4}}}},"statementMap":{"1":{"start":{"line":115,"column":8},"end":{"line":115,"column":20}},"2":{"start":{"line":120,"column":8},"end":{"line":120,"column":22}},"3":{"start":{"line":125,"column":8},"end":{"line":125,"column":24}},"4":{"start":{"line":157,"column":8},"end":{"line":157,"column":59}},"5":{"start":{"line":159,"column":8},"end":{"line":159,"column":62}},"6":{"start":{"line":160,"column":8},"end":{"line":160,"column":5405}},"7":{"start":{"line":165,"column":8},"end":{"line":165,"column":36}},"8":{"start":{"line":166,"column":8},"end":{"line":166,"column":36}},"9":{"start":{"line":167,"column":8},"end":{"line":167,"column":38}},"10":{"start":{"line":169,"column":8},"end":{"line":169,"column":5640}},"11":{"start":{"line":176,"column":16},"end":{"line":176,"column":5922}},"12":{"start":{"line":179,"column":16},"end":{"line":179,"column":6013}},"13":{"start":{"line":180,"column":20},"end":{"line":180,"column":65}},"14":{"start":{"line":185,"column":24},"end":{"line":185,"column":6305}},"15":{"start":{"line":187,"column":24},"end":{"line":187,"column":74}},"16":{"start":{"line":188,"column":24},"end":{"line":188,"column":69}},"17":{"start":{"line":196,"column":8},"end":{"line":196,"column":77}},"18":{"start":{"line":197,"column":8},"end":{"line":197,"column":77}},"19":{"start":{"line":199,"column":8},"end":{"line":199,"column":6854}},"20":{"start":{"line":208,"column":8},"end":{"line":208,"column":41}},"21":{"start":{"line":215,"column":8},"end":{"line":215,"column":68}},"22":{"start":{"line":216,"column":8},"end":{"line":216,"column":44}},"23":{"start":{"line":238,"column":8},"end":{"line":238,"column":62}},"24":{"start":{"line":240,"column":8},"end":{"line":240,"column":36}},"25":{"start":{"line":241,"column":8},"end":{"line":241,"column":36}},"26":{"start":{"line":242,"column":8},"end":{"line":242,"column":38}},"27":{"start":{"line":243,"column":8},"end":{"line":243,"column":53}},"28":{"start":{"line":245,"column":8},"end":{"line":245,"column":59}},"29":{"start":{"line":246,"column":8},"end":{"line":246,"column":8506}},"30":{"start":{"line":255,"column":8},"end":{"line":255,"column":48}},"31":{"start":{"line":256,"column":8},"end":{"line":256,"column":48}},"32":{"start":{"line":257,"column":8},"end":{"line":257,"column":51}},"33":{"start":{"line":258,"column":8},"end":{"line":258,"column":76}},"34":{"start":{"line":266,"column":8},"end":{"line":266,"column":50}},"35":{"start":{"line":267,"column":8},"end":{"line":267,"column":50}},"36":{"start":{"line":273,"column":8},"end":{"line":273,"column":70}},"37":{"start":{"line":275,"column":8},"end":{"line":275,"column":33}},"38":{"start":{"line":292,"column":8},"end":{"line":292,"column":62}},"39":{"start":{"line":293,"column":8},"end":{"line":293,"column":72}},"40":{"start":{"line":294,"column":8},"end":{"line":294,"column":42}},"41":{"start":{"line":296,"column":8},"end":{"line":296,"column":59}},"42":{"start":{"line":297,"column":8},"end":{"line":297,"column":36}},"43":{"start":{"line":298,"column":8},"end":{"line":298,"column":36}},"44":{"start":{"line":300,"column":8},"end":{"line":300,"column":10538}},"45":{"start":{"line":306,"column":8},"end":{"line":306,"column":25}},"46":{"start":{"line":308,"column":8},"end":{"line":308,"column":10766}},"47":{"start":{"line":309,"column":12},"end":{"line":309,"column":10814}},"48":{"start":{"line":315,"column":12},"end":{"line":315,"column":71}},"49":{"start":{"line":316,"column":12},"end":{"line":316,"column":56}},"50":{"start":{"line":321,"column":12},"end":{"line":321,"column":11276}},"51":{"start":{"line":327,"column":12},"end":{"line":327,"column":71}},"52":{"start":{"line":328,"column":12},"end":{"line":328,"column":56}},"53":{"start":{"line":338,"column":8},"end":{"line":338,"column":77}},"54":{"start":{"line":340,"column":8},"end":{"line":340,"column":22}},"55":{"start":{"line":352,"column":8},"end":{"line":352,"column":59}},"56":{"start":{"line":353,"column":8},"end":{"line":353,"column":12407}},"57":{"start":{"line":360,"column":8},"end":{"line":360,"column":36}},"58":{"start":{"line":361,"column":8},"end":{"line":361,"column":36}},"59":{"start":{"line":363,"column":8},"end":{"line":363,"column":45}},"60":{"start":{"line":368,"column":8},"end":{"line":368,"column":20}},"61":{"start":{"line":380,"column":8},"end":{"line":380,"column":44}},"62":{"start":{"line":381,"column":8},"end":{"line":381,"column":63}},"63":{"start":{"line":385,"column":8},"end":{"line":385,"column":24}}},"branchMap":{"1":{"line":159,"type":"if","locations":[{"start":{"line":159,"column":8},"end":{"line":159,"column":8}},{"start":{"line":159,"column":8},"end":{"line":159,"column":8}}]},"2":{"line":160,"type":"if","locations":[{"start":{"line":160,"column":8},"end":{"line":160,"column":8}},{"start":{"line":160,"column":8},"end":{"line":160,"column":8}}]},"3":{"line":169,"type":"if","locations":[{"start":{"line":169,"column":8},"end":{"line":169,"column":8}},{"start":{"line":169,"column":8},"end":{"line":169,"column":8}}]},"4":{"line":179,"type":"if","locations":[{"start":{"line":179,"column":16},"end":{"line":179,"column":16}},{"start":{"line":179,"column":16},"end":{"line":179,"column":16}}]},"5":{"line":180,"type":"if","locations":[{"start":{"line":180,"column":20},"end":{"line":180,"column":20}},{"start":{"line":180,"column":20},"end":{"line":180,"column":20}}]},"6":{"line":187,"type":"if","locations":[{"start":{"line":187,"column":24},"end":{"line":187,"column":24}},{"start":{"line":187,"column":24},"end":{"line":187,"column":24}}]},"7":{"line":188,"type":"if","locations":[{"start":{"line":188,"column":24},"end":{"line":188,"column":24}},{"start":{"line":188,"column":24},"end":{"line":188,"column":24}}]},"8":{"line":199,"type":"if","locations":[{"start":{"line":199,"column":8},"end":{"line":199,"column":8}},{"start":{"line":199,"column":8},"end":{"line":199,"column":8}}]},"9":{"line":208,"type":"if","locations":[{"start":{"line":208,"column":8},"end":{"line":208,"column":8}},{"start":{"line":208,"column":8},"end":{"line":208,"column":8}}]},"10":{"line":238,"type":"if","locations":[{"start":{"line":238,"column":8},"end":{"line":238,"column":8}},{"start":{"line":238,"column":8},"end":{"line":238,"column":8}}]},"11":{"line":246,"type":"if","locations":[{"start":{"line":246,"column":8},"end":{"line":246,"column":8}},{"start":{"line":246,"column":8},"end":{"line":246,"column":8}}]},"12":{"line":255,"type":"if","locations":[{"start":{"line":255,"column":8},"end":{"line":255,"column":8}},{"start":{"line":255,"column":8},"end":{"line":255,"column":8}}]},"13":{"line":256,"type":"if","locations":[{"start":{"line":256,"column":8},"end":{"line":256,"column":8}},{"start":{"line":256,"column":8},"end":{"line":256,"column":8}}]},"14":{"line":257,"type":"if","locations":[{"start":{"line":257,"column":8},"end":{"line":257,"column":8}},{"start":{"line":257,"column":8},"end":{"line":257,"column":8}}]},"15":{"line":258,"type":"if","locations":[{"start":{"line":258,"column":8},"end":{"line":258,"column":8}},{"start":{"line":258,"column":8},"end":{"line":258,"column":8}}]},"16":{"line":292,"type":"if","locations":[{"start":{"line":292,"column":8},"end":{"line":292,"column":8}},{"start":{"line":292,"column":8},"end":{"line":292,"column":8}}]},"17":{"line":293,"type":"if","locations":[{"start":{"line":293,"column":8},"end":{"line":293,"column":8}},{"start":{"line":293,"column":8},"end":{"line":293,"column":8}}]},"18":{"line":294,"type":"if","locations":[{"start":{"line":294,"column":8},"end":{"line":294,"column":8}},{"start":{"line":294,"column":8},"end":{"line":294,"column":8}}]},"19":{"line":300,"type":"if","locations":[{"start":{"line":300,"column":8},"end":{"line":300,"column":8}},{"start":{"line":300,"column":8},"end":{"line":300,"column":8}}]},"20":{"line":301,"type":"cond-expr","locations":[{"start":{"line":301,"column":12},"end":{"line":301,"column":65}},{"start":{"line":302,"column":16},"end":{"line":302,"column":69}}]},"21":{"line":308,"type":"if","locations":[{"start":{"line":308,"column":8},"end":{"line":308,"column":8}},{"start":{"line":308,"column":8},"end":{"line":308,"column":8}}]},"22":{"line":315,"type":"if","locations":[{"start":{"line":315,"column":12},"end":{"line":315,"column":12}},{"start":{"line":315,"column":12},"end":{"line":315,"column":12}}]},"23":{"line":327,"type":"if","locations":[{"start":{"line":327,"column":12},"end":{"line":327,"column":12}},{"start":{"line":327,"column":12},"end":{"line":327,"column":12}}]},"24":{"line":353,"type":"if","locations":[{"start":{"line":353,"column":8},"end":{"line":353,"column":8}},{"start":{"line":353,"column":8},"end":{"line":353,"column":8}}]},"25":{"line":354,"type":"cond-expr","locations":[{"start":{"line":354,"column":12},"end":{"line":354,"column":65}},{"start":{"line":355,"column":16},"end":{"line":355,"column":69}}]},"26":{"line":363,"type":"if","locations":[{"start":{"line":363,"column":8},"end":{"line":363,"column":8}},{"start":{"line":363,"column":8},"end":{"line":363,"column":8}}]},"27":{"line":380,"type":"if","locations":[{"start":{"line":380,"column":8},"end":{"line":380,"column":8}},{"start":{"line":380,"column":8},"end":{"line":380,"column":8}}]},"28":{"line":381,"type":"if","locations":[{"start":{"line":381,"column":8},"end":{"line":381,"column":8}},{"start":{"line":381,"column":8},"end":{"line":381,"column":8}}]}}}}