{"contracts/CR7.sol":{"l":{"10":1},"path":"/Users/pablogianferro/Downloads/WEB FULL STACK/Codo a Codo/01_Curso Solidity/MODULO 4/simple-swap-frontend/simpleswap-dapp/contracts/CR7.sol","s":{"1":1},"b":{},"f":{"1":1,"2":1},"fnMap":{"1":{"name":"constructor","line":7,"loc":{"start":{"line":7,"column":4},"end":{"line":7,"column":51}}},"2":{"name":"mint","line":9,"loc":{"start":{"line":9,"column":4},"end":{"line":11,"column":4}}}},"statementMap":{"1":{"start":{"line":10,"column":8},"end":{"line":10,"column":24}}},"branchMap":{}},"contracts/M10.sol":{"l":{"10":1},"path":"/Users/pablogianferro/Downloads/WEB FULL STACK/Codo a Codo/01_Curso Solidity/MODULO 4/simple-swap-frontend/simpleswap-dapp/contracts/M10.sol","s":{"1":1},"b":{},"f":{"1":1,"2":1},"fnMap":{"1":{"name":"constructor","line":7,"loc":{"start":{"line":7,"column":4},"end":{"line":7,"column":47}}},"2":{"name":"mint","line":9,"loc":{"start":{"line":9,"column":4},"end":{"line":11,"column":4}}}},"statementMap":{"1":{"start":{"line":10,"column":8},"end":{"line":10,"column":24}}},"branchMap":{}},"contracts/SimpleSwap.sol":{"l":{"48":1,"49":1,"50":1,"51":1,"52":1,"53":1,"115":0,"120":0,"125":0,"157":1,"159":1,"160":0,"165":0,"166":0,"167":0,"169":0,"171":0,"172":0,"174":0,"176":0,"179":0,"180":0,"181":0,"182":0,"184":0,"185":0,"187":0,"188":0,"189":0,"190":0,"196":0,"197":0,"199":0,"200":0,"202":0,"208":0,"210":0,"211":0,"212":0,"213":0,"215":0,"216":0,"238":0,"240":0,"241":0,"242":0,"243":0,"245":0,"246":0,"252":0,"253":0,"255":0,"256":0,"257":0,"258":0,"261":0,"262":0,"266":0,"267":0,"270":0,"271":0,"273":0,"275":0,"292":0,"293":0,"294":0,"296":0,"297":0,"298":0,"300":0,"306":0,"308":0,"309":0,"314":0,"315":0,"316":0,"318":0,"319":0,"321":0,"326":0,"327":0,"328":0,"330":0,"331":0,"334":0,"335":0,"336":0,"338":0,"340":0,"352":0,"353":0,"360":0,"361":0,"363":0,"366":0,"368":0,"380":0,"381":0,"383":0,"385":0},"path":"/Users/pablogianferro/Downloads/WEB FULL STACK/Codo a Codo/01_Curso Solidity/MODULO 4/simple-swap-frontend/simpleswap-dapp/contracts/SimpleSwap.sol","s":{"1":0,"2":0,"3":0,"4":1,"5":1,"6":0,"7":0,"8":0,"9":0,"10":0,"11":0,"12":0,"13":0,"14":0,"15":0,"16":0,"17":0,"18":0,"19":0,"20":0,"21":0,"22":0,"23":0,"24":0,"25":0,"26":0,"27":0,"28":0,"29":0,"30":0,"31":0,"32":0,"33":0,"34":0,"35":0,"36":0,"37":0,"38":0,"39":0,"40":0,"41":0,"42":0,"43":0,"44":0,"45":0,"46":0,"47":0,"48":0,"49":0,"50":0,"51":0,"52":0,"53":0,"54":0,"55":0,"56":0,"57":0,"58":0,"59":0,"60":0,"61":0,"62":0,"63":0},"b":{"1":[0,1],"2":[0,0],"3":[0,0],"4":[0,0],"5":[0,0],"6":[0,0],"7":[0,0],"8":[0,0],"9":[0,0],"10":[0,0],"11":[0,0],"12":[0,0],"13":[0,0],"14":[0,0],"15":[0,0],"16":[0,0],"17":[0,0],"18":[0,0],"19":[0,0],"20":[0,0],"21":[0,0],"22":[0,0],"23":[0,0],"24":[0,0],"25":[0,0],"26":[0,0],"27":[0,0],"28":[0,0]},"f":{"1":1,"2":0,"3":0,"4":0,"5":1,"6":0,"7":0,"8":0,"9":0},"fnMap":{"1":{"name":"constructor","line":47,"loc":{"start":{"line":47,"column":4},"end":{"line":54,"column":4}}},"2":{"name":"name","line":114,"loc":{"start":{"line":114,"column":4},"end":{"line":116,"column":4}}},"3":{"name":"symbol","line":119,"loc":{"start":{"line":119,"column":4},"end":{"line":121,"column":4}}},"4":{"name":"decimals","line":124,"loc":{"start":{"line":124,"column":4},"end":{"line":126,"column":4}}},"5":{"name":"addLiquidity","line":140,"loc":{"start":{"line":140,"column":4},"end":{"line":217,"column":4}}},"6":{"name":"removeLiquidity","line":229,"loc":{"start":{"line":229,"column":4},"end":{"line":276,"column":4}}},"7":{"name":"swapExactTokensForTokens","line":285,"loc":{"start":{"line":285,"column":4},"end":{"line":341,"column":4}}},"8":{"name":"getPrice","line":347,"loc":{"start":{"line":347,"column":4},"end":{"line":369,"column":4}}},"9":{"name":"getAmountOut","line":375,"loc":{"start":{"line":375,"column":4},"end":{"line":386,"column":4}}}},"statementMap":{"1":{"start":{"line":115,"column":8},"end":{"line":115,"column":20}},"2":{"start":{"line":120,"column":8},"end":{"line":120,"column":22}},"3":{"start":{"line":125,"column":8},"end":{"line":125,"column":24}},"4":{"start":{"line":157,"column":8},"end":{"line":157,"column":59}},"5":{"start":{"line":159,"column":8},"end":{"line":159,"column":62}},"6":{"start":{"line":160,"column":8},"end":{"line":160,"column":5405}},"7":{"start":{"line":165,"column":8},"end":{"line":165,"column":36}},"8":{"start":{"line":166,"column":8},"end":{"line":166,"column":36}},"9":{"start":{"line":167,"column":8},"end":{"line":167,"column":38}},"10":{"start":{"line":169,"column":8},"end":{"line":169,"column":5640}},"11":{"start":{"line":176,"column":16},"end":{"line":176,"column":5922}},"12":{"start":{"line":179,"column":16},"end":{"line":179,"column":6013}},"13":{"start":{"line":180,"column":20},"end":{"line":180,"column":65}},"14":{"start":{"line":185,"column":24},"end":{"line":185,"column":6305}},"15":{"start":{"line":187,"column":24},"end":{"line":187,"column":74}},"16":{"start":{"line":188,"column":24},"end":{"line":188,"column":69}},"17":{"start":{"line":196,"column":8},"end":{"line":196,"column":77}},"18":{"start":{"line":197,"column":8},"end":{"line":197,"column":77}},"19":{"start":{"line":199,"column":8},"end":{"line":199,"column":6854}},"20":{"start":{"line":208,"column":8},"end":{"line":208,"column":41}},"21":{"start":{"line":215,"column":8},"end":{"line":215,"column":68}},"22":{"start":{"line":216,"column":8},"end":{"line":216,"column":44}},"23":{"start":{"line":238,"column":8},"end":{"line":238,"column":53}},"24":{"start":{"line":240,"column":8},"end":{"line":240,"column":36}},"25":{"start":{"line":241,"column":8},"end":{"line":241,"column":36}},"26":{"start":{"line":242,"column":8},"end":{"line":242,"column":38}},"27":{"start":{"line":243,"column":8},"end":{"line":243,"column":53}},"28":{"start":{"line":245,"column":8},"end":{"line":245,"column":59}},"29":{"start":{"line":246,"column":8},"end":{"line":246,"column":8497}},"30":{"start":{"line":255,"column":8},"end":{"line":255,"column":48}},"31":{"start":{"line":256,"column":8},"end":{"line":256,"column":48}},"32":{"start":{"line":257,"column":8},"end":{"line":257,"column":51}},"33":{"start":{"line":258,"column":8},"end":{"line":258,"column":76}},"34":{"start":{"line":266,"column":8},"end":{"line":266,"column":50}},"35":{"start":{"line":267,"column":8},"end":{"line":267,"column":50}},"36":{"start":{"line":273,"column":8},"end":{"line":273,"column":70}},"37":{"start":{"line":275,"column":8},"end":{"line":275,"column":33}},"38":{"start":{"line":292,"column":8},"end":{"line":292,"column":62}},"39":{"start":{"line":293,"column":8},"end":{"line":293,"column":72}},"40":{"start":{"line":294,"column":8},"end":{"line":294,"column":42}},"41":{"start":{"line":296,"column":8},"end":{"line":296,"column":59}},"42":{"start":{"line":297,"column":8},"end":{"line":297,"column":36}},"43":{"start":{"line":298,"column":8},"end":{"line":298,"column":36}},"44":{"start":{"line":300,"column":8},"end":{"line":300,"column":10529}},"45":{"start":{"line":306,"column":8},"end":{"line":306,"column":25}},"46":{"start":{"line":308,"column":8},"end":{"line":308,"column":10757}},"47":{"start":{"line":309,"column":12},"end":{"line":309,"column":10805}},"48":{"start":{"line":315,"column":12},"end":{"line":315,"column":71}},"49":{"start":{"line":316,"column":12},"end":{"line":316,"column":56}},"50":{"start":{"line":321,"column":12},"end":{"line":321,"column":11267}},"51":{"start":{"line":327,"column":12},"end":{"line":327,"column":71}},"52":{"start":{"line":328,"column":12},"end":{"line":328,"column":56}},"53":{"start":{"line":338,"column":8},"end":{"line":338,"column":77}},"54":{"start":{"line":340,"column":8},"end":{"line":340,"column":22}},"55":{"start":{"line":352,"column":8},"end":{"line":352,"column":59}},"56":{"start":{"line":353,"column":8},"end":{"line":353,"column":12398}},"57":{"start":{"line":360,"column":8},"end":{"line":360,"column":36}},"58":{"start":{"line":361,"column":8},"end":{"line":361,"column":36}},"59":{"start":{"line":363,"column":8},"end":{"line":363,"column":45}},"60":{"start":{"line":368,"column":8},"end":{"line":368,"column":20}},"61":{"start":{"line":380,"column":8},"end":{"line":380,"column":44}},"62":{"start":{"line":381,"column":8},"end":{"line":381,"column":63}},"63":{"start":{"line":385,"column":8},"end":{"line":385,"column":24}}},"branchMap":{"1":{"line":159,"type":"if","locations":[{"start":{"line":159,"column":8},"end":{"line":159,"column":8}},{"start":{"line":159,"column":8},"end":{"line":159,"column":8}}]},"2":{"line":160,"type":"if","locations":[{"start":{"line":160,"column":8},"end":{"line":160,"column":8}},{"start":{"line":160,"column":8},"end":{"line":160,"column":8}}]},"3":{"line":169,"type":"if","locations":[{"start":{"line":169,"column":8},"end":{"line":169,"column":8}},{"start":{"line":169,"column":8},"end":{"line":169,"column":8}}]},"4":{"line":179,"type":"if","locations":[{"start":{"line":179,"column":16},"end":{"line":179,"column":16}},{"start":{"line":179,"column":16},"end":{"line":179,"column":16}}]},"5":{"line":180,"type":"if","locations":[{"start":{"line":180,"column":20},"end":{"line":180,"column":20}},{"start":{"line":180,"column":20},"end":{"line":180,"column":20}}]},"6":{"line":187,"type":"if","locations":[{"start":{"line":187,"column":24},"end":{"line":187,"column":24}},{"start":{"line":187,"column":24},"end":{"line":187,"column":24}}]},"7":{"line":188,"type":"if","locations":[{"start":{"line":188,"column":24},"end":{"line":188,"column":24}},{"start":{"line":188,"column":24},"end":{"line":188,"column":24}}]},"8":{"line":199,"type":"if","locations":[{"start":{"line":199,"column":8},"end":{"line":199,"column":8}},{"start":{"line":199,"column":8},"end":{"line":199,"column":8}}]},"9":{"line":208,"type":"if","locations":[{"start":{"line":208,"column":8},"end":{"line":208,"column":8}},{"start":{"line":208,"column":8},"end":{"line":208,"column":8}}]},"10":{"line":238,"type":"if","locations":[{"start":{"line":238,"column":8},"end":{"line":238,"column":8}},{"start":{"line":238,"column":8},"end":{"line":238,"column":8}}]},"11":{"line":246,"type":"if","locations":[{"start":{"line":246,"column":8},"end":{"line":246,"column":8}},{"start":{"line":246,"column":8},"end":{"line":246,"column":8}}]},"12":{"line":255,"type":"if","locations":[{"start":{"line":255,"column":8},"end":{"line":255,"column":8}},{"start":{"line":255,"column":8},"end":{"line":255,"column":8}}]},"13":{"line":256,"type":"if","locations":[{"start":{"line":256,"column":8},"end":{"line":256,"column":8}},{"start":{"line":256,"column":8},"end":{"line":256,"column":8}}]},"14":{"line":257,"type":"if","locations":[{"start":{"line":257,"column":8},"end":{"line":257,"column":8}},{"start":{"line":257,"column":8},"end":{"line":257,"column":8}}]},"15":{"line":258,"type":"if","locations":[{"start":{"line":258,"column":8},"end":{"line":258,"column":8}},{"start":{"line":258,"column":8},"end":{"line":258,"column":8}}]},"16":{"line":292,"type":"if","locations":[{"start":{"line":292,"column":8},"end":{"line":292,"column":8}},{"start":{"line":292,"column":8},"end":{"line":292,"column":8}}]},"17":{"line":293,"type":"if","locations":[{"start":{"line":293,"column":8},"end":{"line":293,"column":8}},{"start":{"line":293,"column":8},"end":{"line":293,"column":8}}]},"18":{"line":294,"type":"if","locations":[{"start":{"line":294,"column":8},"end":{"line":294,"column":8}},{"start":{"line":294,"column":8},"end":{"line":294,"column":8}}]},"19":{"line":300,"type":"if","locations":[{"start":{"line":300,"column":8},"end":{"line":300,"column":8}},{"start":{"line":300,"column":8},"end":{"line":300,"column":8}}]},"20":{"line":301,"type":"cond-expr","locations":[{"start":{"line":301,"column":12},"end":{"line":301,"column":65}},{"start":{"line":302,"column":16},"end":{"line":302,"column":69}}]},"21":{"line":308,"type":"if","locations":[{"start":{"line":308,"column":8},"end":{"line":308,"column":8}},{"start":{"line":308,"column":8},"end":{"line":308,"column":8}}]},"22":{"line":315,"type":"if","locations":[{"start":{"line":315,"column":12},"end":{"line":315,"column":12}},{"start":{"line":315,"column":12},"end":{"line":315,"column":12}}]},"23":{"line":327,"type":"if","locations":[{"start":{"line":327,"column":12},"end":{"line":327,"column":12}},{"start":{"line":327,"column":12},"end":{"line":327,"column":12}}]},"24":{"line":353,"type":"if","locations":[{"start":{"line":353,"column":8},"end":{"line":353,"column":8}},{"start":{"line":353,"column":8},"end":{"line":353,"column":8}}]},"25":{"line":354,"type":"cond-expr","locations":[{"start":{"line":354,"column":12},"end":{"line":354,"column":65}},{"start":{"line":355,"column":16},"end":{"line":355,"column":69}}]},"26":{"line":363,"type":"if","locations":[{"start":{"line":363,"column":8},"end":{"line":363,"column":8}},{"start":{"line":363,"column":8},"end":{"line":363,"column":8}}]},"27":{"line":380,"type":"if","locations":[{"start":{"line":380,"column":8},"end":{"line":380,"column":8}},{"start":{"line":380,"column":8},"end":{"line":380,"column":8}}]},"28":{"line":381,"type":"if","locations":[{"start":{"line":381,"column":8},"end":{"line":381,"column":8}},{"start":{"line":381,"column":8},"end":{"line":381,"column":8}}]}}}}