{
"contracts/CR7.sol":{"l":{"13":1},"path":"/Users/pablogianferro/Downloads/WEB FULL STACK/Codo a Codo/01_Curso Solidity/MODULO 4/simple-swap-frontend/simpleswap-dapp/contracts/CR7.sol","s":{"1":1},"b":{},"f":{"1":1},"fnMap":{"1":{"name":"constructor","line":12,"loc":{"start":{"line":12,"column":4},"end":{"line":14,"column":4}}}},"statementMap":{"1":{"start":{"line":13,"column":8},"end":{"line":13,"column":41}}},"branchMap":{}},
"contracts/LPToken.sol":{"l":{"17":7,"22":1},"path":"/Users/pablogianferro/Downloads/WEB FULL STACK/Codo a Codo/01_Curso Solidity/MODULO 4/simple-swap-frontend/simpleswap-dapp/contracts/LPToken.sol","s":{"1":7,"2":1},"b":{"1":[7,0],"2":[1,0]},"f":{"1":1,"2":7,"3":1},"fnMap":{"1":{"name":"constructor","line":12,"loc":{"start":{"line":10,"column":4},"end":{"line":13,"column":5}}},"2":{"name":"mint","line":16,"loc":{"start":{"line":16,"column":4},"end":{"line":18,"column":4}}},"3":{"name":"burnFrom","line":21,"loc":{"start":{"line":21,"column":4},"end":{"line":23,"column":4}}}},"statementMap":{"1":{"start":{"line":17,"column":8},"end":{"line":17,"column":24}},"2":{"start":{"line":22,"column":8},"end":{"line":22,"column":26}}},"branchMap":{"1":{"line":16,"type":"if","locations":[{"start":{"line":16,"column":55},"end":{"line":16,"column":55}},{"start":{"line":16,"column":55},"end":{"line":16,"column":55}}]},"2":{"line":21,"type":"if","locations":[{"start":{"line":21,"column":61},"end":{"line":21,"column":61}},{"start":{"line":21,"column":61},"end":{"line":21,"column":61}}]}}},
"contracts/M10.sol":{"l":{"13":4},"path":"/Users/pablogianferro/Downloads/WEB FULL STACK/Codo a Codo/01_Curso Solidity/MODULO 4/simple-swap-frontend/simpleswap-dapp/contracts/M10.sol","s":{"1":4},"b":{},"f":{"1":4},"fnMap":{"1":{"name":"constructor","line":12,"loc":{"start":{"line":12,"column":4},"end":{"line":14,"column":4}}}},"statementMap":{"1":{"start":{"line":13,"column":8},"end":{"line":13,"column":41}}},"branchMap":{}},
"contracts/SimpleSwap.sol":{"l":{"35":1,"36":1,"37":1,"38":1,"119":11,"121":11,"122":10,"127":8,"128":8,"129":8,"131":8,"133":7,"134":7,"136":1,"138":1,"141":1,"142":1,"143":0,"144":0,"146":0,"147":0,"149":0,"150":0,"151":0,"152":0,"158":7,"159":7,"161":7,"162":7,"164":0,"170":7,"173":7,"174":7,"177":7,"179":7,"180":7,"202":5,"204":4,"205":4,"210":2,"211":2,"212":2,"215":2,"216":2,"218":2,"219":2,"220":2,"221":1,"224":1,"227":1,"228":1,"231":1,"232":1,"234":1,"236":1,"253":0,"254":0,"255":0,"257":0,"258":0,"259":0,"261":0,"267":0,"269":0,"270":0,"275":0,"276":0,"277":0,"279":0,"280":0,"282":0,"287":0,"288":0,"289":0,"291":0,"292":0,"295":0,"296":0,"297":0,"299":0,"301":0,"312":3,"313":3,"320":2,"321":2,"323":2,"326":1,"328":1,"340":5,"341":4,"343":1,"345":1},"path":"/Users/pablogianferro/Downloads/WEB FULL STACK/Codo a Codo/01_Curso Solidity/MODULO 4/simple-swap-frontend/simpleswap-dapp/contracts/SimpleSwap.sol","s":{"1":11,"2":11,"3":10,"4":8,"5":8,"6":8,"7":8,"8":1,"9":1,"10":1,"11":0,"12":0,"13":0,"14":7,"15":7,"16":7,"17":7,"18":7,"19":7,"20":7,"21":5,"22":4,"23":4,"24":2,"25":2,"26":2,"27":2,"28":2,"29":2,"30":1,"31":1,"32":1,"33":1,"34":1,"35":1,"36":0,"37":0,"38":0,"39":0,"40":0,"41":0,"42":0,"43":0,"44":0,"45":0,"46":0,"47":0,"48":0,"49":0,"50":0,"51":0,"52":0,"53":3,"54":3,"55":2,"56":2,"57":2,"58":1,"59":5,"60":4,"61":1},"b":{"1":[10,1],"2":[8,2],"3":[7,1],"4":[1,0],"5":[0,1],"6":[0,0],"7":[0,0],"8":[7,0],"9":[7,0],"10":[4,1],"11":[2,2],"12":[2,0],"13":[2,0],"14":[1,1],"15":[1,0],"16":[0,0],"17":[0,0],"18":[0,0],"19":[0,0],"20":[0,0],"21":[0,0],"22":[0,0],"23":[0,0],"24":[2,1],"25":[1,1],"26":[1,1],"27":[4,1],"28":[1,3]},"f":{"1":1,"2":11,"3":5,"4":0,"5":3,"6":5},"fnMap":{"1":{"name":"constructor","line":34,"loc":{"start":{"line":34,"column":4},"end":{"line":39,"column":4}}},"2":{"name":"addLiquidity","line":109,"loc":{"start":{"line":109,"column":4},"end":{"line":181,"column":4}}},"3":{"name":"removeLiquidity","line":193,"loc":{"start":{"line":193,"column":4},"end":{"line":237,"column":4}}},"4":{"name":"swapExactTokensForTokens","line":246,"loc":{"start":{"line":246,"column":4},"end":{"line":302,"column":4}}},"5":{"name":"getPrice","line":308,"loc":{"start":{"line":308,"column":4},"end":{"line":329,"column":4}}},"6":{"name":"getAmountOut","line":335,"loc":{"start":{"line":335,"column":4},"end":{"line":346,"column":4}}}},"statementMap":{"1":{"start":{"line":119,"column":8},"end":{"line":119,"column":59}},"2":{"start":{"line":121,"column":8},"end":{"line":121,"column":62}},"3":{"start":{"line":122,"column":8},"end":{"line":122,"column":4570}},"4":{"start":{"line":127,"column":8},"end":{"line":127,"column":36}},"5":{"start":{"line":128,"column":8},"end":{"line":128,"column":36}},"6":{"start":{"line":129,"column":8},"end":{"line":129,"column":47}},"7":{"start":{"line":131,"column":8},"end":{"line":131,"column":4814}},"8":{"start":{"line":138,"column":16},"end":{"line":138,"column":5096}},"9":{"start":{"line":141,"column":16},"end":{"line":141,"column":5187}},"10":{"start":{"line":142,"column":20},"end":{"line":142,"column":65}},"11":{"start":{"line":147,"column":24},"end":{"line":147,"column":5479}},"12":{"start":{"line":149,"column":24},"end":{"line":149,"column":74}},"13":{"start":{"line":150,"column":24},"end":{"line":150,"column":69}},"14":{"start":{"line":158,"column":8},"end":{"line":158,"column":77}},"15":{"start":{"line":159,"column":8},"end":{"line":159,"column":77}},"16":{"start":{"line":161,"column":8},"end":{"line":161,"column":6028}},"17":{"start":{"line":170,"column":8},"end":{"line":170,"column":41}},"18":{"start":{"line":177,"column":8},"end":{"line":177,"column":34}},"19":{"start":{"line":179,"column":8},"end":{"line":179,"column":68}},"20":{"start":{"line":180,"column":8},"end":{"line":180,"column":44}},"21":{"start":{"line":202,"column":8},"end":{"line":202,"column":62}},"22":{"start":{"line":204,"column":8},"end":{"line":204,"column":59}},"23":{"start":{"line":205,"column":8},"end":{"line":205,"column":7648}},"24":{"start":{"line":210,"column":8},"end":{"line":210,"column":36}},"25":{"start":{"line":211,"column":8},"end":{"line":211,"column":36}},"26":{"start":{"line":212,"column":8},"end":{"line":212,"column":47}},"27":{"start":{"line":218,"column":8},"end":{"line":218,"column":48}},"28":{"start":{"line":219,"column":8},"end":{"line":219,"column":48}},"29":{"start":{"line":220,"column":8},"end":{"line":220,"column":68}},"30":{"start":{"line":221,"column":8},"end":{"line":221,"column":76}},"31":{"start":{"line":224,"column":8},"end":{"line":224,"column":46}},"32":{"start":{"line":227,"column":8},"end":{"line":227,"column":50}},"33":{"start":{"line":228,"column":8},"end":{"line":228,"column":50}},"34":{"start":{"line":234,"column":8},"end":{"line":234,"column":70}},"35":{"start":{"line":236,"column":8},"end":{"line":236,"column":33}},"36":{"start":{"line":253,"column":8},"end":{"line":253,"column":62}},"37":{"start":{"line":254,"column":8},"end":{"line":254,"column":72}},"38":{"start":{"line":255,"column":8},"end":{"line":255,"column":42}},"39":{"start":{"line":257,"column":8},"end":{"line":257,"column":59}},"40":{"start":{"line":258,"column":8},"end":{"line":258,"column":36}},"41":{"start":{"line":259,"column":8},"end":{"line":259,"column":36}},"42":{"start":{"line":261,"column":8},"end":{"line":261,"column":9768}},"43":{"start":{"line":267,"column":8},"end":{"line":267,"column":25}},"44":{"start":{"line":269,"column":8},"end":{"line":269,"column":9996}},"45":{"start":{"line":270,"column":12},"end":{"line":270,"column":10044}},"46":{"start":{"line":276,"column":12},"end":{"line":276,"column":71}},"47":{"start":{"line":277,"column":12},"end":{"line":277,"column":56}},"48":{"start":{"line":282,"column":12},"end":{"line":282,"column":10506}},"49":{"start":{"line":288,"column":12},"end":{"line":288,"column":71}},"50":{"start":{"line":289,"column":12},"end":{"line":289,"column":56}},"51":{"start":{"line":299,"column":8},"end":{"line":299,"column":77}},"52":{"start":{"line":301,"column":8},"end":{"line":301,"column":22}},"53":{"start":{"line":312,"column":8},"end":{"line":312,"column":59}},"54":{"start":{"line":313,"column":8},"end":{"line":313,"column":11631}},"55":{"start":{"line":320,"column":8},"end":{"line":320,"column":36}},"56":{"start":{"line":321,"column":8},"end":{"line":321,"column":36}},"57":{"start":{"line":323,"column":8},"end":{"line":323,"column":45}},"58":{"start":{"line":328,"column":8},"end":{"line":328,"column":20}},"59":{"start":{"line":340,"column":8},"end":{"line":340,"column":44}},"60":{"start":{"line":341,"column":8},"end":{"line":341,"column":63}},"61":{"start":{"line":345,"column":8},"end":{"line":345,"column":24}}},"branchMap":{"1":{"line":121,"type":"if","locations":[{"start":{"line":121,"column":8},"end":{"line":121,"column":8}},{"start":{"line":121,"column":8},"end":{"line":121,"column":8}}]},"2":{"line":122,"type":"if","locations":[{"start":{"line":122,"column":8},"end":{"line":122,"column":8}},{"start":{"line":122,"column":8},"end":{"line":122,"column":8}}]},"3":{"line":131,"type":"if","locations":[{"start":{"line":131,"column":8},"end":{"line":131,"column":8}},{"start":{"line":131,"column":8},"end":{"line":131,"column":8}}]},"4":{"line":141,"type":"if","locations":[{"start":{"line":141,"column":16},"end":{"line":141,"column":16}},{"start":{"line":141,"column":16},"end":{"line":141,"column":16}}]},"5":{"line":142,"type":"if","locations":[{"start":{"line":142,"column":20},"end":{"line":142,"column":20}},{"start":{"line":142,"column":20},"end":{"line":142,"column":20}}]},"6":{"line":149,"type":"if","locations":[{"start":{"line":149,"column":24},"end":{"line":149,"column":24}},{"start":{"line":149,"column":24},"end":{"line":149,"column":24}}]},"7":{"line":150,"type":"if","locations":[{"start":{"line":150,"column":24},"end":{"line":150,"column":24}},{"start":{"line":150,"column":24},"end":{"line":150,"column":24}}]},"8":{"line":161,"type":"if","locations":[{"start":{"line":161,"column":8},"end":{"line":161,"column":8}},{"start":{"line":161,"column":8},"end":{"line":161,"column":8}}]},"9":{"line":170,"type":"if","locations":[{"start":{"line":170,"column":8},"end":{"line":170,"column":8}},{"start":{"line":170,"column":8},"end":{"line":170,"column":8}}]},"10":{"line":202,"type":"if","locations":[{"start":{"line":202,"column":8},"end":{"line":202,"column":8}},{"start":{"line":202,"column":8},"end":{"line":202,"column":8}}]},"11":{"line":205,"type":"if","locations":[{"start":{"line":205,"column":8},"end":{"line":205,"column":8}},{"start":{"line":205,"column":8},"end":{"line":205,"column":8}}]},"12":{"line":218,"type":"if","locations":[{"start":{"line":218,"column":8},"end":{"line":218,"column":8}},{"start":{"line":218,"column":8},"end":{"line":218,"column":8}}]},"13":{"line":219,"type":"if","locations":[{"start":{"line":219,"column":8},"end":{"line":219,"column":8}},{"start":{"line":219,"column":8},"end":{"line":219,"column":8}}]},"14":{"line":220,"type":"if","locations":[{"start":{"line":220,"column":8},"end":{"line":220,"column":8}},{"start":{"line":220,"column":8},"end":{"line":220,"column":8}}]},"15":{"line":221,"type":"if","locations":[{"start":{"line":221,"column":8},"end":{"line":221,"column":8}},{"start":{"line":221,"column":8},"end":{"line":221,"column":8}}]},"16":{"line":253,"type":"if","locations":[{"start":{"line":253,"column":8},"end":{"line":253,"column":8}},{"start":{"line":253,"column":8},"end":{"line":253,"column":8}}]},"17":{"line":254,"type":"if","locations":[{"start":{"line":254,"column":8},"end":{"line":254,"column":8}},{"start":{"line":254,"column":8},"end":{"line":254,"column":8}}]},"18":{"line":255,"type":"if","locations":[{"start":{"line":255,"column":8},"end":{"line":255,"column":8}},{"start":{"line":255,"column":8},"end":{"line":255,"column":8}}]},"19":{"line":261,"type":"if","locations":[{"start":{"line":261,"column":8},"end":{"line":261,"column":8}},{"start":{"line":261,"column":8},"end":{"line":261,"column":8}}]},"20":{"line":262,"type":"cond-expr","locations":[{"start":{"line":262,"column":12},"end":{"line":262,"column":65}},{"start":{"line":263,"column":16},"end":{"line":263,"column":69}}]},"21":{"line":269,"type":"if","locations":[{"start":{"line":269,"column":8},"end":{"line":269,"column":8}},{"start":{"line":269,"column":8},"end":{"line":269,"column":8}}]},"22":{"line":276,"type":"if","locations":[{"start":{"line":276,"column":12},"end":{"line":276,"column":12}},{"start":{"line":276,"column":12},"end":{"line":276,"column":12}}]},"23":{"line":288,"type":"if","locations":[{"start":{"line":288,"column":12},"end":{"line":288,"column":12}},{"start":{"line":288,"column":12},"end":{"line":288,"column":12}}]},"24":{"line":313,"type":"if","locations":[{"start":{"line":313,"column":8},"end":{"line":313,"column":8}},{"start":{"line":313,"column":8},"end":{"line":313,"column":8}}]},"25":{"line":314,"type":"cond-expr","locations":[{"start":{"line":314,"column":12},"end":{"line":314,"column":65}},{"start":{"line":315,"column":16},"end":{"line":315,"column":69}}]},"26":{"line":323,"type":"if","locations":[{"start":{"line":323,"column":8},"end":{"line":323,"column":8}},{"start":{"line":323,"column":8},"end":{"line":323,"column":8}}]},"27":{"line":340,"type":"if","locations":[{"start":{"line":340,"column":8},"end":{"line":340,"column":8}},{"start":{"line":340,"column":8},"end":{"line":340,"column":8}}]},"28":{"line":341,"type":"if","locations":[{"start":{"line":341,"column":8},"end":{"line":341,"column":8}},{"start":{"line":341,"column":8},"end":{"line":341,"column":8}}]}}}}
