TN:
SF:/Users/pablogianferro/Downloads/WEB FULL STACK/Codo a Codo/01_Curso Solidity/MODULO 4/simple-swap-frontend/simpleswap-dapp/contracts/CR7.sol
FN:7,constructor
FN:9,mint
FNF:2
FNH:2
FNDA:1,constructor
FNDA:7,mint
DA:10,7
LF:1
LH:1
BRF:0
BRH:0
end_of_record
TN:
SF:/Users/pablogianferro/Downloads/WEB FULL STACK/Codo a Codo/01_Curso Solidity/MODULO 4/simple-swap-frontend/simpleswap-dapp/contracts/M10.sol
FN:7,constructor
FN:9,mint
FNF:2
FNH:2
FNDA:4,constructor
FNDA:9,mint
DA:10,9
LF:1
LH:1
BRF:0
BRH:0
end_of_record
TN:
SF:/Users/pablogianferro/Downloads/WEB FULL STACK/Codo a Codo/01_Curso Solidity/MODULO 4/simple-swap-frontend/simpleswap-dapp/contracts/SimpleSwap.sol
FN:47,constructor
FN:114,name
FN:119,symbol
FN:124,decimals
FN:140,addLiquidity
FN:229,removeLiquidity
FN:285,swapExactTokensForTokens
FN:347,getPrice
FN:375,getAmountOut
FNF:9
FNH:8
FNDA:1,constructor
FNDA:1,name
FNDA:1,symbol
FNDA:1,decimals
FNDA:7,addLiquidity
FNDA:3,removeLiquidity
FNDA:0,swapExactTokensForTokens
FNDA:3,getPrice
FNDA:5,getAmountOut
DA:48,1
DA:49,1
DA:50,1
DA:51,1
DA:52,1
DA:53,1
DA:115,1
DA:120,1
DA:125,1
DA:157,7
DA:159,7
DA:160,6
DA:165,4
DA:166,4
DA:167,4
DA:169,4
DA:171,3
DA:172,3
DA:174,1
DA:176,1
DA:179,1
DA:180,1
DA:181,0
DA:182,0
DA:184,0
DA:185,0
DA:187,0
DA:188,0
DA:189,0
DA:190,0
DA:196,3
DA:197,3
DA:199,3
DA:200,3
DA:202,0
DA:208,3
DA:210,3
DA:211,3
DA:212,3
DA:213,3
DA:215,3
DA:216,3
DA:238,3
DA:240,2
DA:241,2
DA:242,2
DA:243,2
DA:245,2
DA:246,2
DA:252,0
DA:253,0
DA:255,0
DA:256,0
DA:257,0
DA:258,0
DA:261,0
DA:262,0
DA:266,0
DA:267,0
DA:270,0
DA:271,0
DA:273,0
DA:275,0
DA:292,0
DA:293,0
DA:294,0
DA:296,0
DA:297,0
DA:298,0
DA:300,0
DA:306,0
DA:308,0
DA:309,0
DA:314,0
DA:315,0
DA:316,0
DA:318,0
DA:319,0
DA:321,0
DA:326,0
DA:327,0
DA:328,0
DA:330,0
DA:331,0
DA:334,0
DA:335,0
DA:336,0
DA:338,0
DA:340,0
DA:352,3
DA:353,3
DA:360,2
DA:361,2
DA:363,2
DA:366,1
DA:368,1
DA:380,5
DA:381,4
DA:383,1
DA:385,1
LF:100
LH:51
BRDA:159,1,0,6
BRDA:159,1,1,1
BRDA:160,2,0,4
BRDA:160,2,1,2
BRDA:169,3,0,3
BRDA:169,3,1,1
BRDA:179,4,0,1
BRDA:179,4,1,0
BRDA:180,5,0,0
BRDA:180,5,1,1
BRDA:187,6,0,0
BRDA:187,6,1,0
BRDA:188,7,0,0
BRDA:188,7,1,0
BRDA:199,8,0,3
BRDA:199,8,1,0
BRDA:208,9,0,3
BRDA:208,9,1,0
BRDA:238,10,0,2
BRDA:238,10,1,1
BRDA:246,11,0,0
BRDA:246,11,1,2
BRDA:255,12,0,0
BRDA:255,12,1,0
BRDA:256,13,0,0
BRDA:256,13,1,0
BRDA:257,14,0,0
BRDA:257,14,1,0
BRDA:258,15,0,0
BRDA:258,15,1,0
BRDA:292,16,0,0
BRDA:292,16,1,0
BRDA:293,17,0,0
BRDA:293,17,1,0
BRDA:294,18,0,0
BRDA:294,18,1,0
BRDA:300,19,0,0
BRDA:300,19,1,0
BRDA:301,20,0,0
BRDA:301,20,1,0
BRDA:308,21,0,0
BRDA:308,21,1,0
BRDA:315,22,0,0
BRDA:315,22,1,0
BRDA:327,23,0,0
BRDA:327,23,1,0
BRDA:353,24,0,2
BRDA:353,24,1,1
BRDA:354,25,0,1
BRDA:354,25,1,1
BRDA:363,26,0,1
BRDA:363,26,1,1
BRDA:380,27,0,4
BRDA:380,27,1,1
BRDA:381,28,0,1
BRDA:381,28,1,3
BRF:56
BRH:23
end_of_record
