TN:
SF:/Users/pablogianferro/Downloads/WEB FULL STACK/Codo a Codo/01_Curso Solidity/MODULO 4/simple-swap-frontend/simpleswap-dapp/contracts/CR7.sol
FN:7,constructor
FN:9,mint
FNF:2
FNH:2
FNDA:1,constructor
FNDA:2,mint
DA:10,2
LF:1
LH:1
BRF:0
BRH:0
end_of_record
TN:
SF:/Users/pablogianferro/Downloads/WEB FULL STACK/Codo a Codo/01_Curso Solidity/MODULO 4/simple-swap-frontend/simpleswap-dapp/contracts/M10.sol
FN:7,constructor
FN:9,mint
FNF:2
FNH:2
FNDA:1,constructor
FNDA:2,mint
DA:10,2
LF:1
LH:1
BRF:0
BRH:0
end_of_record
TN:
SF:/Users/pablogianferro/Downloads/WEB FULL STACK/Codo a Codo/01_Curso Solidity/MODULO 4/simple-swap-frontend/simpleswap-dapp/contracts/SimpleSwap.sol
FN:47,constructor
FN:114,name
FN:119,symbol
FN:124,decimals
FN:140,addLiquidity
FN:229,removeLiquidity
FN:285,swapExactTokensForTokens
FN:347,getPrice
FN:375,getAmountOut
FNF:9
FNH:2
FNDA:1,constructor
FNDA:0,name
FNDA:0,symbol
FNDA:0,decimals
FNDA:2,addLiquidity
FNDA:0,removeLiquidity
FNDA:0,swapExactTokensForTokens
FNDA:0,getPrice
FNDA:0,getAmountOut
DA:48,1
DA:49,1
DA:50,1
DA:51,1
DA:52,1
DA:53,1
DA:115,0
DA:120,0
DA:125,0
DA:157,2
DA:159,2
DA:160,1
DA:165,1
DA:166,1
DA:167,1
DA:169,1
DA:171,1
DA:172,1
DA:174,0
DA:176,0
DA:179,0
DA:180,0
DA:181,0
DA:182,0
DA:184,0
DA:185,0
DA:187,0
DA:188,0
DA:189,0
DA:190,0
DA:196,1
DA:197,1
DA:199,1
DA:200,1
DA:202,0
DA:208,1
DA:210,1
DA:211,1
DA:212,1
DA:213,1
DA:215,1
DA:216,1
DA:238,0
DA:240,0
DA:241,0
DA:242,0
DA:243,0
DA:245,0
DA:246,0
DA:252,0
DA:253,0
DA:255,0
DA:256,0
DA:257,0
DA:258,0
DA:261,0
DA:262,0
DA:266,0
DA:267,0
DA:270,0
DA:271,0
DA:273,0
DA:275,0
DA:292,0
DA:293,0
DA:294,0
DA:296,0
DA:297,0
DA:298,0
DA:300,0
DA:306,0
DA:308,0
DA:309,0
DA:314,0
DA:315,0
DA:316,0
DA:318,0
DA:319,0
DA:321,0
DA:326,0
DA:327,0
DA:328,0
DA:330,0
DA:331,0
DA:334,0
DA:335,0
DA:336,0
DA:338,0
DA:340,0
DA:352,0
DA:353,0
DA:360,0
DA:361,0
DA:363,0
DA:366,0
DA:368,0
DA:380,0
DA:381,0
DA:383,0
DA:385,0
LF:100
LH:26
BRDA:159,1,0,1
BRDA:159,1,1,1
BRDA:160,2,0,1
BRDA:160,2,1,0
BRDA:169,3,0,1
BRDA:169,3,1,0
BRDA:179,4,0,0
BRDA:179,4,1,0
BRDA:180,5,0,0
BRDA:180,5,1,0
BRDA:187,6,0,0
BRDA:187,6,1,0
BRDA:188,7,0,0
BRDA:188,7,1,0
BRDA:199,8,0,1
BRDA:199,8,1,0
BRDA:208,9,0,1
BRDA:208,9,1,0
BRDA:238,10,0,0
BRDA:238,10,1,0
BRDA:246,11,0,0
BRDA:246,11,1,0
BRDA:255,12,0,0
BRDA:255,12,1,0
BRDA:256,13,0,0
BRDA:256,13,1,0
BRDA:257,14,0,0
BRDA:257,14,1,0
BRDA:258,15,0,0
BRDA:258,15,1,0
BRDA:292,16,0,0
BRDA:292,16,1,0
BRDA:293,17,0,0
BRDA:293,17,1,0
BRDA:294,18,0,0
BRDA:294,18,1,0
BRDA:300,19,0,0
BRDA:300,19,1,0
BRDA:301,20,0,0
BRDA:301,20,1,0
BRDA:308,21,0,0
BRDA:308,21,1,0
BRDA:315,22,0,0
BRDA:315,22,1,0
BRDA:327,23,0,0
BRDA:327,23,1,0
BRDA:353,24,0,0
BRDA:353,24,1,0
BRDA:354,25,0,0
BRDA:354,25,1,0
BRDA:363,26,0,0
BRDA:363,26,1,0
BRDA:380,27,0,0
BRDA:380,27,1,0
BRDA:381,28,0,0
BRDA:381,28,1,0
BRF:56
BRH:6
end_of_record
